{"level":"info","message":"Listening on port 3900...","timestamp":"2020-08-19T17:47:39.412Z"}
{"level":"info","message":"Connected to Mongo Database","timestamp":"2020-08-19T17:47:41.456Z"}
{"level":"info","message":"Listening on port 3900...","timestamp":"2020-08-19T17:47:57.104Z"}
{"level":"info","message":"Connected to Mongo Database","timestamp":"2020-08-19T17:47:59.154Z"}
{"level":"info","message":"Executing Cron Job running","timestamp":"2020-08-19T17:48:10.960Z"}
{"level":"info","message":"Email on Error billing Ayodeji S. Abodunrin card sent","timestamp":"2020-08-19T17:48:23.899Z"}
{"level":"info","message":"Error billing card","timestamp":"2020-08-19T17:48:23.902Z"}
{"level":"info","message":"Listening on port 3900...","timestamp":"2020-08-19T17:49:25.483Z"}
{"level":"info","message":"Connected to Mongo Database","timestamp":"2020-08-19T17:49:27.530Z"}
{"message":"automate.execute is not a function","stack":"TypeError: automate.execute is not a function\n    at C:\\Users\\Administrator\\Documents\\GitHub\\sanabliss global\\server\\routes\\transactions.js:14:18\n    at C:\\Users\\Administrator\\Documents\\GitHub\\sanabliss global\\server\\node_modules\\express-async-errors\\index.js:17:17\n    at Layer.handle [as handle_request] (C:\\Users\\Administrator\\Documents\\GitHub\\sanabliss global\\server\\node_modules\\express\\lib\\router\\layer.js:95:5)\n    at next (C:\\Users\\Administrator\\Documents\\GitHub\\sanabliss global\\server\\node_modules\\express\\lib\\router\\route.js:137:13)\n    at Route.dispatch (C:\\Users\\Administrator\\Documents\\GitHub\\sanabliss global\\server\\node_modules\\express\\lib\\router\\route.js:112:3)\n    at C:\\Users\\Administrator\\Documents\\GitHub\\sanabliss global\\server\\node_modules\\express-async-errors\\index.js:17:17\n    at Layer.handle [as handle_request] (C:\\Users\\Administrator\\Documents\\GitHub\\sanabliss global\\server\\node_modules\\express\\lib\\router\\layer.js:95:5)\n    at C:\\Users\\Administrator\\Documents\\GitHub\\sanabliss global\\server\\node_modules\\express\\lib\\router\\index.js:281:22\n    at Function.process_params (C:\\Users\\Administrator\\Documents\\GitHub\\sanabliss global\\server\\node_modules\\express\\lib\\router\\index.js:335:12)\n    at next (C:\\Users\\Administrator\\Documents\\GitHub\\sanabliss global\\server\\node_modules\\express\\lib\\router\\index.js:275:10)\n    at Function.handle (C:\\Users\\Administrator\\Documents\\GitHub\\sanabliss global\\server\\node_modules\\express\\lib\\router\\index.js:174:3)\n    at router (C:\\Users\\Administrator\\Documents\\GitHub\\sanabliss global\\server\\node_modules\\express\\lib\\router\\index.js:47:12)\n    at C:\\Users\\Administrator\\Documents\\GitHub\\sanabliss global\\server\\node_modules\\express-async-errors\\index.js:17:17\n    at Layer.handle [as handle_request] (C:\\Users\\Administrator\\Documents\\GitHub\\sanabliss global\\server\\node_modules\\express\\lib\\router\\layer.js:95:5)\n    at trim_prefix (C:\\Users\\Administrator\\Documents\\GitHub\\sanabliss global\\server\\node_modules\\express\\lib\\router\\index.js:317:13)\n    at C:\\Users\\Administrator\\Documents\\GitHub\\sanabliss global\\server\\node_modules\\express\\lib\\router\\index.js:284:7","level":"error","timestamp":"2020-08-19T17:49:31.978Z"}
{"level":"info","message":"Listening on port 3900...","timestamp":"2020-08-19T17:49:48.885Z"}
{"level":"info","message":"Connected to Mongo Database","timestamp":"2020-08-19T17:49:50.929Z"}
{"level":"info","message":"Listening on port 3900...","timestamp":"2020-08-19T17:50:28.889Z"}
{"level":"info","message":"Connected to Mongo Database","timestamp":"2020-08-19T17:50:30.921Z"}
{"level":"info","message":"Listening on port 3900...","timestamp":"2020-08-19T17:55:16.705Z"}
{"level":"info","message":"Connected to Mongo Database","timestamp":"2020-08-19T17:55:18.758Z"}
{"level":"info","message":"Executing Cron Job running","timestamp":"2020-08-19T17:55:26.193Z"}
{"level":"info","message":"Listening on port 3900...","timestamp":"2020-08-19T17:56:06.712Z"}
{"level":"info","message":"Connected to Mongo Database","timestamp":"2020-08-19T17:56:08.776Z"}
{"level":"info","message":"Listening on port 3900...","timestamp":"2020-08-19T17:56:15.012Z"}
{"level":"info","message":"Connected to Mongo Database","timestamp":"2020-08-19T17:56:17.045Z"}
{"level":"info","message":"Executing Cron Job running","timestamp":"2020-08-19T17:56:20.094Z"}
{"level":"info","message":"Listening on port 3900...","timestamp":"2020-08-19T17:57:46.269Z"}
{"level":"info","message":"Connected to Mongo Database","timestamp":"2020-08-19T17:57:48.312Z"}
{"level":"info","message":"Executing Cron Job running","timestamp":"2020-08-19T17:57:50.499Z"}
{"level":"info","message":"Listening on port 3900...","timestamp":"2020-08-19T17:59:42.241Z"}
{"level":"info","message":"Connected to Mongo Database","timestamp":"2020-08-19T17:59:44.297Z"}
{"level":"info","message":"Executing Cron Job running","timestamp":"2020-08-19T17:59:47.632Z"}
{"level":"info","message":"Listening on port 3900...","timestamp":"2020-08-19T18:02:38.773Z"}
{"level":"info","message":"Connected to Mongo Database","timestamp":"2020-08-19T18:02:40.829Z"}
{"level":"info","message":"Executing Cron Job running","timestamp":"2020-08-19T18:02:45.583Z"}
{"level":"info","message":"Listening on port 3900...","timestamp":"2020-08-19T18:07:20.230Z"}
{"level":"info","message":"Connected to Mongo Database","timestamp":"2020-08-19T18:07:22.294Z"}
{"level":"info","message":"Listening on port 3900...","timestamp":"2020-08-19T18:07:28.400Z"}
{"level":"info","message":"Connected to Mongo Database","timestamp":"2020-08-19T18:07:30.442Z"}
{"level":"info","message":"Executing Cron Job running","timestamp":"2020-08-19T18:07:35.087Z"}
{"level":"info","message":"Listening on port 3900...","timestamp":"2020-08-20T03:43:38.349Z"}
{"level":"info","message":"Connected to Mongo Database","timestamp":"2020-08-20T03:43:40.400Z"}
{"level":"info","message":"Executing Cron Job running","timestamp":"2020-08-20T03:43:51.072Z"}
{"level":"info","message":"Listening on port 3900...","timestamp":"2020-08-20T03:45:23.434Z"}
{"level":"info","message":"Connected to Mongo Database","timestamp":"2020-08-20T03:45:25.491Z"}
{"level":"info","message":"Executing Cron Job running","timestamp":"2020-08-20T03:45:31.209Z"}
{"level":"info","message":"Listening on port 3900...","timestamp":"2020-08-20T03:49:59.871Z"}
{"level":"info","message":"Connected to Mongo Database","timestamp":"2020-08-20T03:50:01.934Z"}
{"level":"info","message":"Listening on port 3900...","timestamp":"2020-08-20T03:50:29.370Z"}
{"level":"info","message":"Connected to Mongo Database","timestamp":"2020-08-20T03:50:31.399Z"}
{"level":"info","message":"Executing Cron Job running","timestamp":"2020-08-20T03:50:36.163Z"}
{"level":"info","message":"SEND EMAIL TO ADMIN ON NEW SUBSCRIPTION ORDER Ayodeji S. Abodunrin","timestamp":"2020-08-20T03:54:43.988Z"}
{"level":"info","message":"Email on New Subscription order for Ayodeji S. Abodunrin sent","timestamp":"2020-08-20T03:54:43.993Z"}
{"amount":160000,"currency":"NGN","transaction_date":"2020-08-20T03:55:17.000Z","status":"success","reference":"uqspiicc8zjq4ew","domain":"test","metadata":"","gateway_response":"Approved","message":"","channel":"card","ip_address":null,"log":null,"fees":2400,"authorization":{"authorization_code":"AUTH_l259zh5chh","bin":"408408","last4":"4081","exp_month":"12","exp_year":"2020","channel":"card","card_type":"visa ","bank":"TEST BANK","country_code":"NG","brand":"visa","reusable":true,"signature":"SIG_Pl2P5ymLFzoZHISrDbPD","account_name":null},"customer":{"id":26184752,"first_name":"","last_name":"","email":"aboayosam@gmail.com","customer_code":"CUS_091tspz4gm7lrnk","phone":"","metadata":null,"risk_action":"default","international_format_phone":null},"plan":null,"id":782869547,"level":"info","timestamp":"2020-08-20T03:54:45.283Z"}
{"level":"info","message":"SEND EMAIL TO ADMIN ON NEW SUBSCRIPTION ORDER Ayodeji S. Abodunrin","timestamp":"2020-08-20T03:54:53.828Z"}
{"level":"info","message":"Email on New Subscription order for Ayodeji S. Abodunrin sent","timestamp":"2020-08-20T03:54:53.852Z"}
{"level":"info","message":"Listening on port 3900...","timestamp":"2020-08-20T03:59:47.249Z"}
{"level":"info","message":"Connected to Mongo Database","timestamp":"2020-08-20T03:59:49.327Z"}
{"level":"info","message":"Listening on port 3900...","timestamp":"2020-08-20T04:01:00.035Z"}
{"level":"info","message":"Connected to Mongo Database","timestamp":"2020-08-20T04:01:02.080Z"}
{"level":"info","message":"Listening on port 3900...","timestamp":"2020-08-20T04:02:31.768Z"}
{"level":"info","message":"Connected to Mongo Database","timestamp":"2020-08-20T04:02:33.814Z"}
{"level":"info","message":"Executing Cron Job running","timestamp":"2020-08-20T04:02:47.537Z"}
{"level":"info","message":"Listening on port 3900...","timestamp":"2020-08-20T04:08:01.871Z"}
{"level":"info","message":"Connected to Mongo Database","timestamp":"2020-08-20T04:08:03.915Z"}
{"level":"info","message":"Executing Cron Job running","timestamp":"2020-08-20T04:08:09.743Z"}
{"level":"info","message":"Email on Error billing Ayodeji S. Abodunrin card sent","timestamp":"2020-08-20T04:08:20.627Z"}
{"level":"info","message":"Error billing card","timestamp":"2020-08-20T04:08:20.628Z"}
{"level":"info","message":"Executing Cron Job running","timestamp":"2020-08-20T04:10:31.275Z"}
{"level":"info","message":"Listening on port 3900...","timestamp":"2020-08-20T04:12:19.477Z"}
{"level":"info","message":"Connected to Mongo Database","timestamp":"2020-08-20T04:12:21.494Z"}
{"level":"info","message":"Executing Cron Job running","timestamp":"2020-08-20T04:12:28.410Z"}
{"level":"info","message":"Email on Error billing Ayodeji S. Abodunrin card sent","timestamp":"2020-08-20T04:12:38.749Z"}
{"level":"info","message":"Error billing card","timestamp":"2020-08-20T04:12:38.750Z"}
{"level":"info","message":"Listening on port 3900...","timestamp":"2020-08-20T04:13:28.687Z"}
{"level":"info","message":"Connected to Mongo Database","timestamp":"2020-08-20T04:13:30.720Z"}
{"level":"info","message":"Listening on port 3900...","timestamp":"2020-08-20T04:15:15.720Z"}
{"level":"info","message":"Connected to Mongo Database","timestamp":"2020-08-20T04:15:17.742Z"}
{"level":"info","message":"Listening on port 3900...","timestamp":"2020-08-20T04:16:44.118Z"}
{"level":"info","message":"Connected to Mongo Database","timestamp":"2020-08-20T04:16:46.140Z"}
{"level":"info","message":"Executing Cron Job running","timestamp":"2020-08-20T04:18:14.094Z"}
{"message":"Error received: ","stack":"Error: queryA ETIMEOUT dontfogettosayhi.com\n    at QueryReqWrap.onresolve [as oncomplete] (dns.js:206:19)","errno":"ETIMEOUT","code":"EDNS","syscall":"queryA","hostname":"dontfogettosayhi.com","command":"CONN","level":"error","timestamp":"2020-08-20T04:19:32.567Z"}
{"level":"info","message":"Error billing card","timestamp":"2020-08-20T04:19:32.570Z"}
{"level":"info","message":"Executing Cron Job running","timestamp":"2020-08-20T04:25:53.240Z"}
{"message":"Error received: ","stack":"Error: queryA ETIMEOUT dontfogettosayhi.com\n    at QueryReqWrap.onresolve [as oncomplete] (dns.js:206:19)","errno":"ETIMEOUT","code":"EDNS","syscall":"queryA","hostname":"dontfogettosayhi.com","command":"CONN","level":"error","timestamp":"2020-08-20T04:27:08.307Z"}
{"level":"info","message":"Error billing card","timestamp":"2020-08-20T04:27:08.318Z"}
{"message":"Error received: ","stack":"Error: queryA ETIMEOUT dontfogettosayhi.com\n    at QueryReqWrap.onresolve [as oncomplete] (dns.js:206:19)","errno":"ETIMEOUT","code":"EDNS","syscall":"queryA","hostname":"dontfogettosayhi.com","command":"CONN","level":"error","timestamp":"2020-08-20T04:27:08.320Z"}
{"level":"info","message":"Error billing card","timestamp":"2020-08-20T04:27:08.322Z"}
{"level":"info","message":"Listening on port 3900...","timestamp":"2020-08-20T04:37:58.127Z"}
{"level":"info","message":"Listening on port 3900...","timestamp":"2020-08-20T04:37:58.789Z"}
{"level":"info","message":"Connected to Mongo Database","timestamp":"2020-08-20T04:38:00.820Z"}
{"level":"info","message":"Listening on port 3900...","timestamp":"2020-08-20T04:38:32.612Z"}
{"level":"info","message":"Connected to Mongo Database","timestamp":"2020-08-20T04:38:34.629Z"}
{"level":"info","message":"Executing Cron Job running","timestamp":"2020-08-20T04:38:56.211Z"}
{"level":"info","message":"Email on Error billing Ayodeji S. Abodunrin card sent","timestamp":"2020-08-20T04:39:07.954Z"}
{"level":"info","message":"Error billing card","timestamp":"2020-08-20T04:39:07.956Z"}
{"level":"info","message":"Executing Cron Job running","timestamp":"2020-08-20T04:42:40.369Z"}
{"level":"info","message":"Email on Error billing Ayodeji S. Abodunrin card sent","timestamp":"2020-08-20T04:42:48.908Z"}
{"level":"info","message":"Error billing card","timestamp":"2020-08-20T04:42:48.909Z"}
{"level":"info","message":"Email on Error billing Ayodeji S. Abodunrin card sent","timestamp":"2020-08-20T04:42:48.927Z"}
{"level":"info","message":"Error billing card","timestamp":"2020-08-20T04:42:48.927Z"}
{"level":"info","message":"Listening on port 3900...","timestamp":"2020-08-20T04:47:16.283Z"}
{"level":"info","message":"Connected to Mongo Database","timestamp":"2020-08-20T04:47:18.323Z"}
{"level":"info","message":"Executing Cron Job running","timestamp":"2020-08-20T04:49:24.825Z"}
{"level":"info","message":"Email on Error billing Ayodeji S. Abodunrin card sent","timestamp":"2020-08-20T04:49:34.992Z"}
{"level":"info","message":"Error billing card","timestamp":"2020-08-20T04:49:34.993Z"}
{"level":"info","message":"Email on Error billing Ayodeji S. Abodunrin card sent","timestamp":"2020-08-20T04:49:35.004Z"}
{"level":"info","message":"Error billing card","timestamp":"2020-08-20T04:49:35.006Z"}
{"level":"info","message":"Listening on port 3900...","timestamp":"2020-08-20T04:53:02.557Z"}
{"level":"info","message":"Connected to Mongo Database","timestamp":"2020-08-20T04:53:04.577Z"}
{"level":"info","message":"Executing Cron Job running","timestamp":"2020-08-20T04:59:51.584Z"}
{"level":"info","message":"Email on Error billing Ayodeji S. Abodunrin card sent","timestamp":"2020-08-20T05:00:02.615Z"}
{"level":"info","message":"Error billing card","timestamp":"2020-08-20T05:00:02.616Z"}
{"level":"info","message":"Email on Error billing Ayodeji S. Abodunrin card sent","timestamp":"2020-08-20T05:00:02.634Z"}
{"level":"info","message":"Error billing card","timestamp":"2020-08-20T05:00:02.635Z"}
{"level":"info","message":"Listening on port 3900...","timestamp":"2020-08-20T05:09:02.245Z"}
{"level":"info","message":"Connected to Mongo Database","timestamp":"2020-08-20T05:09:04.264Z"}
{"level":"info","message":"Executing Cron Job running","timestamp":"2020-08-20T05:09:08.324Z"}
{"level":"info","message":"Email on Error billing Ayodeji S. Abodunrin card sent","timestamp":"2020-08-20T05:09:18.824Z"}
{"level":"info","message":"Error billing card","timestamp":"2020-08-20T05:09:18.825Z"}
{"level":"info","message":"Listening on port 3900...","timestamp":"2020-08-20T05:13:31.576Z"}
{"level":"info","message":"Connected to Mongo Database","timestamp":"2020-08-20T05:13:33.594Z"}
{"level":"info","message":"Executing Cron Job running","timestamp":"2020-08-20T05:15:07.646Z"}
{"level":"info","message":"Email on Error billing Ayodeji S. Abodunrin card sent","timestamp":"2020-08-20T05:15:22.621Z"}
{"level":"info","message":"Error billing card","timestamp":"2020-08-20T05:15:22.622Z"}
{"level":"info","message":"Listening on port 3900...","timestamp":"2020-08-20T05:19:43.100Z"}
{"level":"info","message":"Connected to Mongo Database","timestamp":"2020-08-20T05:19:45.120Z"}
{"level":"info","message":"Listening on port 3900...","timestamp":"2020-08-20T05:20:59.760Z"}
{"level":"info","message":"Connected to Mongo Database","timestamp":"2020-08-20T05:21:01.782Z"}
{"level":"info","message":"Executing Cron Job running","timestamp":"2020-08-20T05:21:09.654Z"}
{"level":"info","message":"Error billing card","timestamp":"2020-08-20T05:21:11.684Z"}
{"level":"info","message":"Listening on port 3900...","timestamp":"2020-08-20T05:23:47.743Z"}
{"level":"info","message":"Connected to Mongo Database","timestamp":"2020-08-20T05:23:49.768Z"}
{"level":"info","message":"Executing Cron Job running","timestamp":"2020-08-20T05:24:01.765Z"}
{"level":"info","message":"Executing Cron Job running","timestamp":"2020-08-20T05:24:38.358Z"}
{"level":"info","message":"Error billing card","timestamp":"2020-08-20T05:24:38.374Z"}
{"level":"info","message":"Error billing card","timestamp":"2020-08-20T05:24:38.391Z"}
{"level":"info","message":"Executing Cron Job running","timestamp":"2020-08-20T05:24:54.966Z"}
{"level":"info","message":"Error billing card","timestamp":"2020-08-20T05:24:54.984Z"}
{"level":"info","message":"Listening on port 3900...","timestamp":"2020-08-20T05:27:48.608Z"}
{"level":"info","message":"Connected to Mongo Database","timestamp":"2020-08-20T05:27:50.628Z"}
{"level":"info","message":"Executing Cron Job running","timestamp":"2020-08-20T05:27:55.171Z"}
{"level":"info","message":"Executing Cron Job running","timestamp":"2020-08-20T05:28:14.204Z"}
{"level":"info","message":"Error billing card","timestamp":"2020-08-20T05:28:14.238Z"}
{"level":"info","message":"Listening on port 3900...","timestamp":"2020-08-20T05:29:30.470Z"}
{"level":"info","message":"Connected to Mongo Database","timestamp":"2020-08-20T05:29:32.488Z"}
{"level":"info","message":"Executing Cron Job running","timestamp":"2020-08-20T05:29:36.134Z"}
{"level":"info","message":"Listening on port 3900...","timestamp":"2020-08-20T05:30:07.439Z"}
{"level":"info","message":"Connected to Mongo Database","timestamp":"2020-08-20T05:30:09.451Z"}
{"level":"info","message":"Listening on port 3900...","timestamp":"2020-08-20T05:30:30.516Z"}
{"level":"info","message":"Connected to Mongo Database","timestamp":"2020-08-20T05:30:32.550Z"}
{"level":"info","message":"Executing Cron Job running","timestamp":"2020-08-20T05:30:52.577Z"}
{"level":"info","message":"Executing Cron Job running","timestamp":"2020-08-20T05:31:25.580Z"}
{"level":"info","message":"Executing Cron Job running","timestamp":"2020-08-20T05:32:02.026Z"}
{"level":"info","message":"Error billing card","timestamp":"2020-08-20T05:32:02.042Z"}
{"level":"info","message":"Error billing card","timestamp":"2020-08-20T05:32:02.050Z"}
{"level":"info","message":"Executing Cron Job running","timestamp":"2020-08-20T05:32:37.779Z"}
{"level":"info","message":"Listening on port 3900...","timestamp":"2020-08-20T05:35:23.491Z"}
{"level":"info","message":"Connected to Mongo Database","timestamp":"2020-08-20T05:35:25.507Z"}
{"level":"info","message":"Executing Cron Job running","timestamp":"2020-08-20T05:35:55.158Z"}
{"level":"info","message":"Email on New Subscription order for Ayodeji S. Abodunrin sent","timestamp":"2020-08-20T05:36:05.760Z"}
{"level":"info","message":"Send user subscription success email","timestamp":"2020-08-20T05:36:05.763Z"}
{"level":"info","message":"Email on New Subscription order for Ayodeji S. Abodunrin sent","timestamp":"2020-08-20T05:36:05.776Z"}
{"level":"info","message":"Send user subscription success email","timestamp":"2020-08-20T05:36:05.778Z"}
{"level":"info","message":"Listening on port 3900...","timestamp":"2020-08-20T05:40:50.972Z"}
{"level":"info","message":"Connected to Mongo Database","timestamp":"2020-08-20T05:40:52.987Z"}
{"level":"info","message":"Executing Cron Job running","timestamp":"2020-08-20T05:41:05.821Z"}
{"level":"info","message":"Ayodeji S. Abodunrin: Hourly Billing Date: Thu Aug 20 2020","timestamp":"2020-08-20T05:41:07.867Z"}
{"level":"info","message":"Listening on port 3900...","timestamp":"2020-08-20T05:42:56.655Z"}
{"level":"info","message":"Connected to Mongo Database","timestamp":"2020-08-20T05:42:58.672Z"}
{"level":"info","message":"Executing Cron Job running","timestamp":"2020-08-20T05:45:35.690Z"}
{"level":"info","message":"Ayodeji S. Abodunrin: Hourly Billing Date: Thu Aug 20 2020","timestamp":"2020-08-20T05:45:37.725Z"}
{"amount":160000,"currency":"NGN","transaction_date":"2020-08-20T05:46:11.000Z","status":"success","reference":"b6db60w83ksk14m","domain":"test","metadata":"","gateway_response":"Approved","message":"","channel":"card","ip_address":null,"log":null,"fees":2400,"authorization":{"authorization_code":"AUTH_l259zh5chh","bin":"408408","last4":"4081","exp_month":"12","exp_year":"2020","channel":"card","card_type":"visa ","bank":"TEST BANK","country_code":"NG","brand":"visa","reusable":true,"signature":"SIG_Pl2P5ymLFzoZHISrDbPD","account_name":null},"customer":{"id":26184752,"first_name":"","last_name":"","email":"aboayosam@gmail.com","customer_code":"CUS_091tspz4gm7lrnk","phone":"","metadata":null,"risk_action":"default","international_format_phone":null},"plan":null,"id":782915865,"level":"info","timestamp":"2020-08-20T05:45:38.628Z"}
{"level":"info","message":"Email on New Subscription order for Ayodeji S. Abodunrin sent","timestamp":"2020-08-20T05:45:48.665Z"}
{"level":"info","message":"Send user subscription success email","timestamp":"2020-08-20T05:45:48.668Z"}
{"level":"info","message":"Listening on port 3900...","timestamp":"2021-09-09T00:19:48.409Z"}
{"message":"ERROR: ","name":"MongoNetworkError","stack":"MongoNetworkError: connection 0 to localhost:27017 timed out\n    at Socket.<anonymous> (D:\\Project\\GitHub Project\\sanabliss-global\\node_modules\\mongodb-core\\lib\\connection\\connection.js:258:7)\n    at Object.onceWrapper (events.js:417:28)\n    at Socket.emit (events.js:311:20)\n    at Socket._onTimeout (net.js:478:8)\n    at listOnTimeout (internal/timers.js:549:17)\n    at processTimers (internal/timers.js:492:7)","level":"error","timestamp":"2021-09-09T00:20:20.481Z"}
{"level":"info","message":"Listening on port 3900...","timestamp":"2021-09-09T00:21:02.603Z"}
{"level":"info","message":"Connected to Mongo Database","timestamp":"2021-09-09T00:21:04.645Z"}
{"level":"info","message":"Listening on port 3900...","timestamp":"2021-09-09T00:22:42.017Z"}
{"level":"info","message":"Connected to Mongo Database","timestamp":"2021-09-09T00:22:44.060Z"}
{"level":"info","message":"Listening on port 3900...","timestamp":"2021-11-29T15:47:39.255Z"}
{"message":"ERROR: ","name":"MongoNetworkError","stack":"MongoNetworkError: failed to connect to server [localhost:27017] on first connect [Error: connect ECONNREFUSED 127.0.0.1:27017\n    at TCPConnectWrap.afterConnect [as oncomplete] (net.js:1148:16) {\n  name: 'MongoNetworkError'\n}]\n    at Pool.<anonymous> (C:\\Users\\Ayodeji.Abodunrin\\Documents\\projects\\Private Github\\retail-product-sub\\retail-product-sub\\server\\node_modules\\mongodb-core\\lib\\topologies\\server.js:503:11)\n    at Pool.emit (events.js:375:28)\n    at Connection.<anonymous> (C:\\Users\\Ayodeji.Abodunrin\\Documents\\projects\\Private Github\\retail-product-sub\\retail-product-sub\\server\\node_modules\\mongodb-core\\lib\\connection\\pool.js:326:12)\n    at Object.onceWrapper (events.js:482:26)\n    at Connection.emit (events.js:375:28)\n    at Socket.<anonymous> (C:\\Users\\Ayodeji.Abodunrin\\Documents\\projects\\Private Github\\retail-product-sub\\retail-product-sub\\server\\node_modules\\mongodb-core\\lib\\connection\\connection.js:245:50)\n    at Object.onceWrapper (events.js:482:26)\n    at Socket.emit (events.js:375:28)\n    at emitErrorNT (internal/streams/destroy.js:106:8)\n    at emitErrorCloseNT (internal/streams/destroy.js:74:3)\n    at processTicksAndRejections (internal/process/task_queues.js:82:21)","level":"error","timestamp":"2021-11-29T15:47:39.327Z"}
{"level":"info","message":"Listening on port 3900...","timestamp":"2021-11-29T15:48:30.156Z"}
{"level":"info","message":"Connected to Mongo Database","timestamp":"2021-11-29T15:48:35.620Z"}
{"level":"info","message":"Listening on port 3900...","timestamp":"2021-11-29T15:48:43.298Z"}
{"level":"info","message":"Connected to Mongo Database","timestamp":"2021-11-29T15:48:46.208Z"}
{"level":"info","message":"Listening on port 3900...","timestamp":"2021-12-03T19:44:22.740Z"}
{"level":"info","message":"Connected to Mongo Database","timestamp":"2021-12-03T19:44:31.148Z"}
{"level":"info","message":"Listening on port 3900...","timestamp":"2021-12-03T19:58:36.324Z"}
{"level":"info","message":"Connected to Mongo Database","timestamp":"2021-12-03T19:59:03.614Z"}
{"level":"info","message":"Listening on port 3900...","timestamp":"2021-12-03T20:13:49.520Z"}
{"level":"info","message":"Connected to Mongo Database","timestamp":"2021-12-03T20:13:51.814Z"}
{"level":"info","message":"Listening on port 3900...","timestamp":"2021-12-03T20:14:44.871Z"}
{"level":"info","message":"Connected to Mongo Database","timestamp":"2021-12-03T20:14:46.520Z"}
{"level":"info","message":"Listening on port 3900...","timestamp":"2021-12-03T20:50:07.039Z"}
{"level":"info","message":"Connected to Mongo Database","timestamp":"2021-12-03T20:50:25.760Z"}
{"level":"info","message":"Listening on port 3900...","timestamp":"2021-12-03T20:54:20.663Z"}
{"level":"info","message":"Connected to Mongo Database","timestamp":"2021-12-03T20:54:23.306Z"}
{"level":"info","message":"Listening on port 3900...","timestamp":"2021-12-03T20:55:12.262Z"}
{"level":"info","message":"Connected to Mongo Database","timestamp":"2021-12-03T20:55:19.506Z"}
{"level":"info","message":"Listening on port 3900...","timestamp":"2021-12-03T20:56:46.781Z"}
{"level":"info","message":"Connected to Mongo Database","timestamp":"2021-12-03T20:56:48.727Z"}
{"level":"info","message":"Listening on port 3900...","timestamp":"2021-12-03T20:58:37.943Z"}
{"level":"info","message":"Connected to Mongo Database","timestamp":"2021-12-03T20:58:40.423Z"}
{"level":"info","message":"Listening on port 3900...","timestamp":"2021-12-03T21:03:51.346Z"}
{"level":"info","message":"Connected to Mongo Database","timestamp":"2021-12-03T21:03:53.800Z"}
{"level":"info","message":"Listening on port 3900...","timestamp":"2021-12-04T01:02:05.640Z"}
{"level":"info","message":"Connected to Mongo Database","timestamp":"2021-12-04T01:02:07.411Z"}
